<?xml version="1.0" encoding="UTF-8"?>
<!-- Generated by org.testng.reporters.JUnitReportReporter -->
<testsuite skipped="0" hostname="DESKTOP-KKRE46F" name="Com.nexttech.testrunner.TestRunnerNG$Testrunner" tests="5" failures="0" timestamp="26 Sep 2020 21:51:37 GMT" time="91.974" errors="0">
  <testcase name="feature" time="14.212" classname="Com.nexttech.testrunner.TestRunnerNG$Testrunner"/>
  <testcase name="feature" time="9.310" classname="Com.nexttech.testrunner.TestRunnerNG$Testrunner"/>
  <testcase name="feature" time="20.432" classname="Com.nexttech.testrunner.TestRunnerNG$Testrunner"/>
  <testcase name="feature" time="19.220" classname="Com.nexttech.testrunner.TestRunnerNG$Testrunner"/>
  <testcase name="feature" time="28.800" classname="Com.nexttech.testrunner.TestRunnerNG$Testrunner"/>
</testsuite> <!-- Com.nexttech.testrunner.TestRunnerNG$Testrunner -->
