<?xml version="1.0" encoding="UTF-8"?>
<!-- Generated by org.testng.reporters.JUnitReportReporter -->
<testsuite skipped="0" hostname="DESKTOP-KKRE46F" name="Com.nexttech.stepdefs.Action" tests="1" failures="0" timestamp="17 Sep 2020 12:04:17 GMT" time="14.576" errors="0">
  <testcase name="clickdropdown" time="14.576" classname="Com.nexttech.stepdefs.Action"/>
</testsuite> <!-- Com.nexttech.stepdefs.Action -->
